2025-06-27 13:38:36 - Request: Array
(
    [_] => 1751024316738
)

2025-06-27 13:38:52 - Request: Array
(
    [_] => 1751024332318
)

2025-06-27 13:38:52 - Request: Array
(
)

2025-06-27 13:38:53 - Request: Array
(
    [_] => 1751024333335
)

2025-06-27 13:38:55 - Request: Array
(
)

2025-06-27 13:39:04 - Request: Array
(
    [_] => 1751024344841
)

2025-06-27 13:39:11 - Request: Array
(
    [_] => 1751024351523
)

2025-06-27 13:39:21 - Request: Array
(
)

2025-06-27 13:39:25 - Request: Array
(
)

2025-06-27 13:39:31 - Request: Array
(
)

2025-06-27 13:39:38 - Request: Array
(
    [_] => 1751024378024
)

2025-06-27 13:40:08 - Request: Array
(
    [_] => 1751024408421
)

2025-06-27 13:42:16 - Request: Array
(
)

2025-06-27 13:44:54 - Request: Array
(
    [_] => 1751024694883
)

2025-06-27 13:45:05 - Request: Array
(
    [_] => 1751024705549
)

2025-06-27 13:47:01 - Request: Array
(
    [_] => 1751024821676
)

2025-06-27 13:47:23 - Request: Array
(
)

2025-06-27 13:49:53 - Request: Array
(
)

2025-06-27 13:50:24 - Request: Array
(
    [action] => get_certificates
    [_t] => 1751025024277
)

2025-06-27 14:05:24 - Request: Array
(
    [action] => get_certificates
    [_t] => 1751025924044
)

