2025-06-27 13:38:36 - Session: Array
(
    [user_id] => 32
    [username] => carl456
    [isAdmin] => 1
    [adminUsername] => LebronSuperAdmin
    [adminRole] => Super Admin
)

2025-06-27 13:38:52 - Session: Array
(
    [user_id] => 32
    [username] => carl456
    [isAdmin] => 1
    [adminUsername] => LebronSuperAdmin
    [adminRole] => Super Admin
)

2025-06-27 13:38:52 - Session: Array
(
    [user_id] => 32
    [username] => carl456
    [isAdmin] => 1
    [adminUsername] => LebronSuperAdmin
    [adminRole] => Super Admin
)

2025-06-27 13:38:53 - Session: Array
(
    [user_id] => 32
    [username] => carl456
    [isAdmin] => 1
    [adminUsername] => LebronSuperAdmin
    [adminRole] => Super Admin
)

2025-06-27 13:38:55 - Session: Array
(
    [user_id] => 32
    [username] => carl456
    [isAdmin] => 1
    [adminUsername] => LebronSuperAdmin
    [adminRole] => Super Admin
)

2025-06-27 13:39:04 - Session: Array
(
    [user_id] => 32
    [username] => carl456
    [isAdmin] => 1
    [adminUsername] => WalangReceive
    [adminRole] => Receiving Clerk
)

2025-06-27 13:39:11 - Session: Array
(
    [user_id] => 32
    [username] => carl456
    [isAdmin] => 1
    [adminUsername] => WalangReceive
    [adminRole] => Receiving Clerk
)

2025-06-27 13:39:21 - Session: Array
(
    [user_id] => 32
    [username] => carl456
    [isAdmin] => 1
    [adminUsername] => BurecheVerify
    [adminRole] => Verifying Officer
)

2025-06-27 13:39:25 - Session: Array
(
    [user_id] => 32
    [username] => carl456
    [isAdmin] => 1
    [adminUsername] => BurecheVerify
    [adminRole] => Verifying Officer
)

2025-06-27 13:39:31 - Session: Array
(
    [user_id] => 32
    [username] => carl456
    [isAdmin] => 1
    [adminUsername] => BurecheVerify
    [adminRole] => Verifying Officer
)

2025-06-27 13:39:38 - Session: Array
(
    [user_id] => 32
    [username] => carl456
    [isAdmin] => 1
    [adminUsername] => BurecheVerify
    [adminRole] => Verifying Officer
)

2025-06-27 13:40:08 - Session: Array
(
    [user_id] => 32
    [username] => carl456
    [isAdmin] => 1
    [adminUsername] => SheytNasanAkinSalamin
    [adminRole] => Cashier
)

2025-06-27 13:42:16 - Session: Array
(
    [user_id] => 32
    [username] => carl456
    [isAdmin] => 1
    [adminUsername] => BurecheVerify
    [adminRole] => Verifying Officer
)

2025-06-27 13:44:54 - Session: Array
(
    [user_id] => 32
    [username] => carl456
    [isAdmin] => 1
    [adminUsername] => WalangReceive
    [adminRole] => Receiving Clerk
)

2025-06-27 13:45:05 - Session: Array
(
    [user_id] => 32
    [username] => carl456
    [isAdmin] => 1
    [adminUsername] => WalangReceive
    [adminRole] => Receiving Clerk
)

2025-06-27 13:47:01 - Session: Array
(
    [user_id] => 32
    [username] => carl456
    [isAdmin] => 1
    [adminUsername] => WalangReceive
    [adminRole] => Receiving Clerk
)

2025-06-27 13:47:23 - Session: Array
(
    [user_id] => 32
    [username] => carl456
    [isAdmin] => 1
    [adminUsername] => JoskopoSignatory
    [adminRole] => Document Signatory Officer
)

2025-06-27 13:49:53 - Session: Array
(
    [user_id] => 32
    [username] => carl456
    [isAdmin] => 1
    [adminUsername] => JoskopoSignatory
    [adminRole] => Document Signatory Officer
)

2025-06-27 13:50:24 - Session: Array
(
    [user_id] => 32
    [username] => carl456
    [isAdmin] => 1
    [adminUsername] => AnnaReleaseAdmin
    [adminRole] => Releasing Officer
)

2025-06-27 14:05:24 - Session: Array
(
    [user_id] => 32
    [username] => carl456
    [isAdmin] => 1
    [adminUsername] => AnnaReleaseAdmin
    [adminRole] => Releasing Officer
)

